#
# A fatal error has been detected by the Java Runtime Environment:
#
#  SIGSEGV (0xb) at pc=0x00007f67f518015b, pid=28615, tid=0x00007f680d18e700
#
# JRE version: OpenJDK Runtime Environment (8.0_162-b12) (build 1.8.0_162-8u162-b12-0ubuntu0.16.04.2-b12)
# Java VM: OpenJDK 64-Bit Server VM (25.162-b12 mixed mode linux-amd64 compressed oops)
# Problematic frame:
# J 240 C2 java.util.zip.ZipFile.getEntry(Ljava/lang/String;)Ljava/util/zip/ZipEntry; (101 bytes) @ 0x00007f67f518015b [0x00007f67f5180080+0xdb]
#
# Failed to write core dump. Core dumps have been disabled. To enable core dumping, try "ulimit -c unlimited" before starting Java again
#
# If you would like to submit a bug report, please visit:
#   http://bugreport.java.com/bugreport/crash.jsp
#

---------------  T H R E A D  ---------------

Current thread (0x00007f6804010800):  JavaThread "main" [_thread_in_Java, id=28617, stack(0x00007f680d08e000,0x00007f680d18f000)]

siginfo: si_signo: 11 (SIGSEGV), si_code: 1 (SEGV_MAPERR), si_addr: 0x000000000120039c

Registers:
RAX=0x0000000000000001, RBX=0x00007f680d189fb0, RCX=0x0000000000000000, RDX=0x000000076e878400
RSP=0x00007f680d189f60, RBP=0x0000000000240072, RSI=0x000000076dc31b48, RDI=0x0000000000000014
R8 =0x000000076dc32178, R9 =0x0000000000000064, R10=0x00007f6804265b60, R11=0x00000000edb8642f
R12=0x0000000000000000, R13=0x0000000000000000, R14=0x000000076dc31ce8, R15=0x00007f6804010800
RIP=0x00007f67f518015b, EFLAGS=0x0000000000010206, CSGSFS=0x002b000000000033, ERR=0x0000000000000004
  TRAPNO=0x000000000000000e

Top of Stack: (sp=0x00007f680d189f60)
0x00007f680d189f60:   000000076e878400 000000076dc31b48
0x00007f680d189f70:   0000000000000000 000000076e87a148
0x00007f680d189f80:   00007f6800000014 00007f67f5007ffd
0x00007f680d189f90:   00007f680d189ff0 00007f67edb8639d
0x00007f680d189fa0:   00007f67f50077d0 000000076da0ef40
0x00007f680d189fb0:   0000000000000001 00007f67ec76c848
0x00007f680d189fc0:   000000076dc31b48 00007f67f518fc3c
0x00007f680d189fd0:   0000000000000000 00007f67ec76c898
0x00007f680d189fe0:   0000000700000000 000000076e878400
0x00007f680d189ff0:   000000076dc31030 00007f6700000014
0x00007f680d18a000:   000000076e87a148 000000076e879998
0x00007f680d18a010:   0000000000000001 0000000700000000
0x00007f680d18a020:   00007f680d18a0f8 00007f67f517336c
0x00007f680d18a030:   00007f680d18a220 00007f680d18a120
0x00007f680d18a040:   0000002f04010800 000000076e878350
0x00007f680d18a050:   000000076da0ef40 000000076e878400
0x00007f680d18a060:   0000001400000000 0000000000000000
0x00007f680d18a070:   000000076e8783c0 00007f6800000021
0x00007f680d18a080:   00007f680d18a0f8 00007f67f5007d80
0x00007f680d18a090:   00007f680d18a0f8 00007f67f5007d80
0x00007f680d18a0a0:   0000000000000000 000000076e878420
0x00007f680d18a0b0:   000000076da0ef40 00007f680d18a0b8
0x00007f680d18a0c0:   00007f67ec67122a 00007f680d18a120
0x00007f680d18a0d0:   00007f67ec671378 0000000000000000
0x00007f680d18a0e0:   00007f67ec671270 00007f680d18a0a0
0x00007f680d18a0f0:   00007f680d18a120 00007f680d18a168
0x00007f680d18a100:   00007f67f5007d80 0000000000000000
0x00007f680d18a110:   0000000000000000 000000076e878420
0x00007f680d18a120:   000000076e878338 00007f680d18a128
0x00007f680d18a130:   00007f67ec6712f9 00007f680d18a178
0x00007f680d18a140:   00007f67ec671378 0000000000000000
0x00007f680d18a150:   00007f67ec671308 00007f680d18a120 

Instructions: (pc=0x00007f67f518015b)
0x00007f67f518013b:   4f 8d 34 c4 45 85 db 0f 84 1e 03 00 00 4c 8b 04
0x00007f67f518014b:   24 41 8b 68 0c 4d 8b c3 49 c1 e0 03 45 89 60 14
0x00007f67f518015b:   41 8b 5c ec 0c 48 63 d3 48 d1 e2 48 83 c2 17 48
0x00007f67f518016b:   83 e2 f8 81 fb 00 00 08 00 0f 87 fb 03 00 00 4d 

Register to memory mapping:

RAX=0x0000000000000001 is an unknown value
RBX=0x00007f680d189fb0 is pointing into the stack for thread: 0x00007f6804010800
RCX=0x0000000000000000 is an unknown value
RDX=0x000000076e878400 is an oop

[error occurred during error reporting (printing register info), id 0xb]

Stack: [0x00007f680d08e000,0x00007f680d18f000],  sp=0x00007f680d189f60,  free space=1007k
Native frames: (J=compiled Java code, j=interpreted, Vv=VM code, C=native code)
J 240 C2 java.util.zip.ZipFile.getEntry(Ljava/lang/String;)Ljava/util/zip/ZipEntry; (101 bytes) @ 0x00007f67f518015b [0x00007f67f5180080+0xdb]
J 243 C2 sun.misc.URLClassPath$JarLoader.getResource(Ljava/lang/String;Z)Lsun/misc/Resource; (85 bytes) @ 0x00007f67f518fc3c [0x00007f67f518fbc0+0x7c]
J 205 C1 sun.misc.URLClassPath.getResource(Ljava/lang/String;Z)Lsun/misc/Resource; (83 bytes) @ 0x00007f67f517336c [0x00007f67f5173200+0x16c]
j  java.net.URLClassLoader$1.run()Ljava/lang/Class;+26
j  java.net.URLClassLoader$1.run()Ljava/lang/Object;+1
v  ~StubRoutines::call_stub
V  [libjvm.so+0x66440b]
V  [libjvm.so+0x6b5259]  JVM_DoPrivileged+0x429
J 233  java.security.AccessController.doPrivileged(Ljava/security/PrivilegedExceptionAction;Ljava/security/AccessControlContext;)Ljava/lang/Object; (0 bytes) @ 0x00007f67f517edd5 [0x00007f67f517ed00+0xd5]
J 265 C1 java.net.URLClassLoader.findClass(Ljava/lang/String;)Ljava/lang/Class; (47 bytes) @ 0x00007f67f519bf94 [0x00007f67f519be00+0x194]
J 249 C1 java.lang.ClassLoader.loadClass(Ljava/lang/String;Z)Ljava/lang/Class; (122 bytes) @ 0x00007f67f5191594 [0x00007f67f5190c40+0x954]
j  sun.misc.Launcher$AppClassLoader.loadClass(Ljava/lang/String;Z)Ljava/lang/Class;+81
J 304 C1 java.lang.ClassLoader.loadClass(Ljava/lang/String;)Ljava/lang/Class; (7 bytes) @ 0x00007f67f51af204 [0x00007f67f51af100+0x104]
v  ~StubRoutines::call_stub
V  [libjvm.so+0x66440b]
V  [libjvm.so+0x6619e4]
V  [libjvm.so+0x662043]
V  [libjvm.so+0x9e2f8d]
V  [libjvm.so+0x9e1926]
V  [libjvm.so+0x9e3a2a]
V  [libjvm.so+0x4b72b5]
V  [libjvm.so+0x650e2f]
j  ch.qos.logback.core.util.Loader.<clinit>()V+27
v  ~StubRoutines::call_stub
V  [libjvm.so+0x66440b]
V  [libjvm.so+0x622ab7]
V  [libjvm.so+0x622fe2]
V  [libjvm.so+0x623300]
V  [libjvm.so+0x7887d0]
V  [libjvm.so+0x78ce15]
V  [libjvm.so+0x78f978]
V  [libjvm.so+0x656a03]
j  ch.qos.logback.classic.util.ContextInitializer.findURLOfDefaultConfigurationFile(Z)Ljava/net/URL;+1
j  ch.qos.logback.classic.util.ContextInitializer.autoConfig()V+9
j  org.slf4j.impl.StaticLoggerBinder.init()V+11
j  org.slf4j.impl.StaticLoggerBinder.<clinit>()V+28
v  ~StubRoutines::call_stub
V  [libjvm.so+0x66440b]
V  [libjvm.so+0x622ab7]
V  [libjvm.so+0x622fe2]
V  [libjvm.so+0x623300]
V  [libjvm.so+0x7887d0]
V  [libjvm.so+0x78ce15]
V  [libjvm.so+0x78f978]
V  [libjvm.so+0x656a03]
j  org.slf4j.LoggerFactory.bind()V+16
j  org.slf4j.LoggerFactory.performInitialization()V+0
j  org.slf4j.LoggerFactory.getILoggerFactory()Lorg/slf4j/ILoggerFactory;+22
j  org.slf4j.LoggerFactory.getLogger(Ljava/lang/String;)Lorg/slf4j/Logger;+0
j  org.apache.logging.slf4j.SLF4JLoggerContext.getLogger(Ljava/lang/String;)Lorg/apache/logging/log4j/spi/ExtendedLogger;+23
j  org.apache.commons.logging.LogFactory$Log4jLog.<init>(Ljava/lang/String;)V+9
j  org.apache.commons.logging.LogFactory$Log4jDelegate.createLog(Ljava/lang/String;)Lorg/apache/commons/logging/Log;+5
j  org.apache.commons.logging.LogFactory.getLog(Ljava/lang/String;)Lorg/apache/commons/logging/Log;+37
j  org.apache.commons.logging.LogFactory.getLog(Ljava/lang/Class;)Lorg/apache/commons/logging/Log;+4
j  org.springframework.test.context.junit4.SpringJUnit4ClassRunner.<clinit>()V+2
v  ~StubRoutines::call_stub
V  [libjvm.so+0x66440b]
V  [libjvm.so+0x622ab7]
V  [libjvm.so+0x622fe2]
V  [libjvm.so+0x623300]
V  [libjvm.so+0x93eb77]
V  [libjvm.so+0x6b0226]  JVM_NewInstanceFromConstructor+0x66
j  sun.reflect.NativeConstructorAccessorImpl.newInstance0(Ljava/lang/reflect/Constructor;[Ljava/lang/Object;)Ljava/lang/Object;+0
j  sun.reflect.NativeConstructorAccessorImpl.newInstance([Ljava/lang/Object;)Ljava/lang/Object;+85
j  sun.reflect.DelegatingConstructorAccessorImpl.newInstance([Ljava/lang/Object;)Ljava/lang/Object;+5
j  java.lang.reflect.Constructor.newInstance([Ljava/lang/Object;)Ljava/lang/Object;+79
j  org.junit.internal.builders.AnnotatedBuilder.buildRunner(Ljava/lang/Class;Ljava/lang/Class;)Lorg/junit/runner/Runner;+22
j  org.junit.internal.builders.AnnotatedBuilder.runnerForClass(Ljava/lang/Class;)Lorg/junit/runner/Runner;+29
j  org.junit.runners.model.RunnerBuilder.safeRunnerForClass(Ljava/lang/Class;)Lorg/junit/runner/Runner;+2
j  org.junit.internal.builders.AllDefaultPossibilitiesBuilder.runnerForClass(Ljava/lang/Class;)Lorg/junit/runner/Runner;+73
j  org.junit.runners.model.RunnerBuilder.safeRunnerForClass(Ljava/lang/Class;)Lorg/junit/runner/Runner;+2
j  org.junit.internal.requests.ClassRequest.getRunner()Lorg/junit/runner/Runner;+37
j  com.intellij.junit4.JUnit4IdeaTestRunner.startRunnerWithArgs([Ljava/lang/String;Ljava/lang/String;IZ)I+19
j  com.intellij.rt.execution.junit.IdeaTestRunner$Repeater.startRunnerWithArgs(Lcom/intellij/rt/execution/junit/IdeaTestRunner;[Ljava/lang/String;Ljava/util/ArrayList;Ljava/lang/String;IZ)I+20
j  com.intellij.rt.execution.junit.JUnitStarter.prepareStreamsAndStart([Ljava/lang/String;Ljava/lang/String;Ljava/util/ArrayList;Ljava/lang/String;)I+116
j  com.intellij.rt.execution.junit.JUnitStarter.main([Ljava/lang/String;)V+116
v  ~StubRoutines::call_stub
V  [libjvm.so+0x66440b]
V  [libjvm.so+0x6860ae]
V  [libjvm.so+0x6889df]
C  [libjli.so+0x3552]
C  [libjli.so+0x74ad]
C  [libpthread.so.0+0x76ba]  start_thread+0xca


---------------  P R O C E S S  ---------------

Java Threads: ( => current thread )
  0x00007f6804212000 JavaThread "Service Thread" daemon [_thread_blocked, id=28637, stack(0x00007f67de116000,0x00007f67de217000)]
  0x00007f6804205000 JavaThread "C1 CompilerThread2" daemon [_thread_in_vm, id=28636, stack(0x00007f67de42f000,0x00007f67de530000)]
  0x00007f68041ff800 JavaThread "C2 CompilerThread1" daemon [_thread_blocked, id=28635, stack(0x00007f67de530000,0x00007f67de631000)]
  0x00007f68041fd800 JavaThread "C2 CompilerThread0" daemon [_thread_in_native, id=28634, stack(0x00007f67de631000,0x00007f67de732000)]
  0x00007f68041f3800 JavaThread "Monitor Ctrl-Break" daemon [_thread_in_native, id=28633, stack(0x00007f67de732000,0x00007f67de833000)]
  0x00007f6804178800 JavaThread "Signal Dispatcher" daemon [_thread_blocked, id=28632, stack(0x00007f67de833000,0x00007f67de934000)]
  0x00007f6804151000 JavaThread "Finalizer" daemon [_thread_blocked, id=28631, stack(0x00007f67df2f3000,0x00007f67df3f4000)]
  0x00007f680414c800 JavaThread "Reference Handler" daemon [_thread_blocked, id=28630, stack(0x00007f67df3f4000,0x00007f67df4f5000)]
=>0x00007f6804010800 JavaThread "main" [_thread_in_Java, id=28617, stack(0x00007f680d08e000,0x00007f680d18f000)]

Other Threads:
  0x00007f6804145000 VMThread [stack: 0x00007f67df4f5000,0x00007f67df5f6000] [id=28627]
  0x00007f6804214800 WatcherThread [stack: 0x00007f67de015000,0x00007f67de116000] [id=28638]

VM state:not at safepoint (normal execution)

VM Mutex/Monitor currently owned by a thread: None

Heap:
 PSYoungGen      total 74240K, used 15628K [0x000000076d980000, 0x0000000772c00000, 0x00000007c0000000)
  eden space 64000K, 24% used [0x000000076d980000,0x000000076e8c3210,0x0000000771800000)
  from space 10240K, 0% used [0x0000000772200000,0x0000000772200000,0x0000000772c00000)
  to   space 10240K, 0% used [0x0000000771800000,0x0000000771800000,0x0000000772200000)
 ParOldGen       total 169472K, used 0K [0x00000006c8c00000, 0x00000006d3180000, 0x000000076d980000)
  object space 169472K, 0% used [0x00000006c8c00000,0x00000006c8c00000,0x00000006d3180000)
 Metaspace       used 5133K, capacity 5568K, committed 5760K, reserved 1056768K
  class space    used 592K, capacity 624K, committed 640K, reserved 1048576K

Card table byte_map: [0x00007f6808d7b000,0x00007f6809536000] byte_map_base: 0x00007f6805735000

Marking Bits: (ParMarkBitMap*) 0x00007f680c35a300
 Begin Bits: [0x00007f67ed460000, 0x00007f67f1230000)
 End Bits:   [0x00007f67f1230000, 0x00007f67f5000000)

Polling page: 0x00007f680d1ad000

CodeCache: size=245760Kb used=1802Kb max_used=1802Kb free=243957Kb
 bounds [0x00007f67f5000000, 0x00007f67f5270000, 0x00007f6804000000]
 total_blobs=604 nmethods=345 adapters=174
 compilation: enabled

Compilation events (10 events):
Event: 0.287 Thread 0x00007f6804205000  344   !   3       java.util.zip.ZipFile$ZipFileInputStream::close (110 bytes)
Event: 0.288 Thread 0x00007f6804205000 nmethod 344 0x00007f67f51bc050 code [0x00007f67f51bc200, 0x00007f67f51bca38]
Event: 0.288 Thread 0x00007f6804205000  341       3       java.lang.ClassLoader::checkPackageAccess (122 bytes)
Event: 0.288 Thread 0x00007f6804205000 nmethod 341 0x00007f67f51c18d0 code [0x00007f67f51c1b00, 0x00007f67f51c26e8]
Event: 0.288 Thread 0x00007f6804205000  342   !   3       java.util.Collections$SynchronizedCollection::add (25 bytes)
Event: 0.289 Thread 0x00007f6804205000 nmethod 342 0x00007f67f51bb9d0 code [0x00007f67f51bbb40, 0x00007f67f51bbf08]
Event: 0.293 Thread 0x00007f6804205000  345       3       sun.net.www.protocol.file.Handler::parseURL (18 bytes)
Event: 0.293 Thread 0x00007f6804205000 nmethod 345 0x00007f67f51c1390 code [0x00007f67f51c1500, 0x00007f67f51c1778]
Event: 0.293 Thread 0x00007f6804205000  346       3       java.net.URLStreamHandler::parseURL (1193 bytes)
Event: 0.293 Thread 0x00007f68041fd800  349       4       java.lang.String::<init> (82 bytes)

GC Heap History (0 events):
No events

Deoptimization events (0 events):
No events

Classes redefined (0 events):
No events

Internal exceptions (9 events):
Event: 0.025 Thread 0x00007f6804010800 Exception <a 'java/lang/NoSuchMethodError': Method sun.misc.Unsafe.defineClass(Ljava/lang/String;[BII)Ljava/lang/Class; name or signature does not match> (0x000000076d987ca0) thrown at [/build/openjdk-8-OdO8jS/openjdk-8-8u162-b12/src/hotspot/src/share/vm/
Event: 0.025 Thread 0x00007f6804010800 Exception <a 'java/lang/NoSuchMethodError': Method sun.misc.Unsafe.prefetchRead(Ljava/lang/Object;J)V name or signature does not match> (0x000000076d987f88) thrown at [/build/openjdk-8-OdO8jS/openjdk-8-8u162-b12/src/hotspot/src/share/vm/prims/jni.cpp, lin
Event: 0.145 Thread 0x00007f6804010800 Exception <a 'java/io/FileNotFoundException'> (0x000000076df0eb00) thrown at [/build/openjdk-8-OdO8jS/openjdk-8-8u162-b12/src/hotspot/src/share/vm/prims/jni.cpp, line 709]
Event: 0.152 Thread 0x00007f6804010800 Exception <a 'java/security/PrivilegedActionException'> (0x000000076df68e48) thrown at [/build/openjdk-8-OdO8jS/openjdk-8-8u162-b12/src/hotspot/src/share/vm/prims/jvm.cpp, line 1390]
Event: 0.152 Thread 0x00007f6804010800 Exception <a 'java/security/PrivilegedActionException'> (0x000000076df69058) thrown at [/build/openjdk-8-OdO8jS/openjdk-8-8u162-b12/src/hotspot/src/share/vm/prims/jvm.cpp, line 1390]
Event: 0.153 Thread 0x00007f6804010800 Exception <a 'java/security/PrivilegedActionException'> (0x000000076df6b0e0) thrown at [/build/openjdk-8-OdO8jS/openjdk-8-8u162-b12/src/hotspot/src/share/vm/prims/jvm.cpp, line 1390]
Event: 0.153 Thread 0x00007f6804010800 Exception <a 'java/security/PrivilegedActionException'> (0x000000076df6b2f0) thrown at [/build/openjdk-8-OdO8jS/openjdk-8-8u162-b12/src/hotspot/src/share/vm/prims/jvm.cpp, line 1390]
Event: 0.153 Thread 0x00007f6804010800 Exception <a 'java/security/PrivilegedActionException'> (0x000000076df6bdc8) thrown at [/build/openjdk-8-OdO8jS/openjdk-8-8u162-b12/src/hotspot/src/share/vm/prims/jvm.cpp, line 1390]
Event: 0.153 Thread 0x00007f6804010800 Exception <a 'java/security/PrivilegedActionException'> (0x000000076df6bfd8) thrown at [/build/openjdk-8-OdO8jS/openjdk-8-8u162-b12/src/hotspot/src/share/vm/prims/jvm.cpp, line 1390]

Events (10 events):
Event: 0.294 loading class ch/qos/logback/core/util/IncompatibleClassException
Event: 0.294 loading class ch/qos/logback/core/util/IncompatibleClassException done
Event: 0.294 loading class ch/qos/logback/core/util/DynamicClassLoadingException
Event: 0.294 loading class ch/qos/logback/core/util/DynamicClassLoadingException done
Event: 0.294 loading class ch/qos/logback/core/spi/ScanException
Event: 0.294 loading class ch/qos/logback/core/spi/ScanException done
Event: 0.295 loading class ch/qos/logback/core/util/Loader
Event: 0.295 loading class ch/qos/logback/core/util/Loader done
Event: 0.296 loading class ch/qos/logback/core/util/Loader$1
Event: 0.296 loading class ch/qos/logback/core/util/Loader$1 done


Dynamic libraries:
00400000-00401000 r-xp 00000000 08:01 53876823                           /usr/lib/jvm/java-8-openjdk-amd64/jre/bin/java
00600000-00601000 r--p 00000000 08:01 53876823                           /usr/lib/jvm/java-8-openjdk-amd64/jre/bin/java
00601000-00602000 rw-p 00001000 08:01 53876823                           /usr/lib/jvm/java-8-openjdk-amd64/jre/bin/java
02265000-02286000 rw-p 00000000 00:00 0                                  [heap]
6c8c00000-6d3180000 rw-p 00000000 00:00 0 
6d3180000-76d980000 ---p 00000000 00:00 0 
76d980000-772c00000 rw-p 00000000 00:00 0 
772c00000-7c0000000 ---p 00000000 00:00 0 
7c0000000-7c00a0000 rw-p 00000000 00:00 0 
7c00a0000-800000000 ---p 00000000 00:00 0 
7f67ac000000-7f67ac021000 rw-p 00000000 00:00 0 
7f67ac021000-7f67b0000000 ---p 00000000 00:00 0 
7f67b0000000-7f67b0021000 rw-p 00000000 00:00 0 
7f67b0021000-7f67b4000000 ---p 00000000 00:00 0 
7f67b4000000-7f67b414f000 rw-p 00000000 00:00 0 
7f67b414f000-7f67b8000000 ---p 00000000 00:00 0 
7f67b8fff000-7f67bc000000 rw-p 00000000 00:00 0 
7f67bc000000-7f67bc0ef000 rw-p 00000000 00:00 0 
7f67bc0ef000-7f67c0000000 ---p 00000000 00:00 0 
7f67c0000000-7f67c0116000 rw-p 00000000 00:00 0 
7f67c0116000-7f67c4000000 ---p 00000000 00:00 0 
7f67c4000000-7f67c4021000 rw-p 00000000 00:00 0 
7f67c4021000-7f67c8000000 ---p 00000000 00:00 0 
7f67c8000000-7f67c8031000 rw-p 00000000 00:00 0 
7f67c8031000-7f67cc000000 ---p 00000000 00:00 0 
7f67cc000000-7f67cc021000 rw-p 00000000 00:00 0 
7f67cc021000-7f67d0000000 ---p 00000000 00:00 0 
7f67d0000000-7f67d0021000 rw-p 00000000 00:00 0 
7f67d0021000-7f67d4000000 ---p 00000000 00:00 0 
7f67d4000000-7f67d4021000 rw-p 00000000 00:00 0 
7f67d4021000-7f67d8000000 ---p 00000000 00:00 0 
7f67d8000000-7f67d8021000 rw-p 00000000 00:00 0 
7f67d8021000-7f67dc000000 ---p 00000000 00:00 0 
7f67ddddb000-7f67ddddd000 r--s 00009000 08:01 47710634                   /home/zemoso/.m2/repository/org/slf4j/slf4j-api/1.7.25/slf4j-api-1.7.25.jar
7f67ddddd000-7f67dddf4000 r--s 000fa000 08:01 48236747                   /home/zemoso/.m2/repository/com/google/guava/guava/r08/guava-r08.jar
7f67dddf4000-7f67dddf6000 r--s 0001b000 08:01 48236754                   /home/zemoso/.m2/repository/com/jolbox/bonecp/0.7.1.RELEASE/bonecp-0.7.1.RELEASE.jar
7f67dddf6000-7f67dddf8000 r--s 0000a000 08:01 48236401                   /home/zemoso/.m2/repository/org/springframework/spring-aspects/5.0.5.RELEASE/spring-aspects-5.0.5.RELEASE.jar
7f67dddf8000-7f67dde00000 r--s 00037000 08:01 48236410                   /home/zemoso/.m2/repository/org/springframework/spring-tx/5.0.5.RELEASE/spring-tx-5.0.5.RELEASE.jar
7f67dde00000-7f67dde04000 r--s 0002b000 08:01 48236421                   /home/zemoso/.m2/repository/org/springframework/spring-orm/5.0.5.RELEASE/spring-orm-5.0.5.RELEASE.jar
7f67dde04000-7f67dde1b000 r--s 000f0000 08:01 48236417                   /home/zemoso/.m2/repository/org/springframework/data/spring-data-commons/2.0.6.RELEASE/spring-data-commons-2.0.6.RELEASE.jar
7f67dde1b000-7f67dde23000 r--s 0004a000 08:01 48236418                   /home/zemoso/.m2/repository/org/springframework/data/spring-data-jpa/2.0.6.RELEASE/spring-data-jpa-2.0.6.RELEASE.jar
7f67dde23000-7f67dde25000 r--s 00006000 08:01 46270400                   /home/zemoso/.m2/repository/javax/transaction/javax.transaction-api/1.2/javax.transaction-api-1.2.jar
7f67dde25000-7f67dde28000 r--s 00010000 08:01 46270450                   /home/zemoso/.m2/repository/org/hibernate/common/hibernate-commons-annotations/5.0.1.Final/hibernate-commons-annotations-5.0.1.Final.jar
7f67dde28000-7f67dde2d000 r--s 00048000 08:01 46270476                   /home/zemoso/.m2/repository/dom4j/dom4j/1.6.1/dom4j-1.6.1.jar
7f67dde2d000-7f67dde30000 r--s 0002b000 08:01 46270461                   /home/zemoso/.m2/repository/org/jboss/jandex/2.0.3.Final/jandex-2.0.3.Final.jar
7f67dde30000-7f67dde35000 r--s 00068000 08:01 46270418                   /home/zemoso/.m2/repository/antlr/antlr/2.7.7/antlr-2.7.7.jar
7f67dde35000-7f67dde3f000 r--s 000ab000 08:01 48236414                   /home/zemoso/.m2/repository/org/javassist/javassist/3.22.0-GA/javassist-3.22.0-GA.jar
7f67dde3f000-7f67dde44000 r--s 00017000 08:01 46270459                   /home/zemoso/.m2/repository/org/hibernate/javax/persistence/hibernate-jpa-2.1-api/1.0.0.Final/hibernate-jpa-2.1-api-1.0.0.Final.jar
7f67dde44000-7f67ddec1000 r--s 005ee000 08:01 48236412                   /home/zemoso/.m2/repository/org/hibernate/hibernate-core/5.2.16.Final/hibernate-core-5.2.16.Final.jar
7f67ddec1000-7f67ddeca000 r--s 00059000 08:01 48236423                   /home/zemoso/.m2/repository/org/springframework/spring-jdbc/5.0.5.RELEASE/spring-jdbc-5.0.5.RELEASE.jar
7f67ddeca000-7f67ddecd000 r--s 00020000 08:01 48236399                   /home/zemoso/.m2/repository/com/zaxxer/HikariCP/2.7.8/HikariCP-2.7.8.jar
7f67ddecd000-7f67ddece000 r--s 00000000 08:01 48236398                   /home/zemoso/.m2/repository/org/springframework/boot/spring-boot-starter-jdbc/2.0.1.RELEASE/spring-boot-starter-jdbc-2.0.1.RELEASE.jar
7f67ddece000-7f67ddee7000 r--s 001bf000 08:01 48236428                   /home/zemoso/.m2/repository/org/aspectj/aspectjweaver/1.8.13/aspectjweaver-1.8.13.jar
7f67ddee7000-7f67ddee8000 r--s 00000000 08:01 48236404                   /home/zemoso/.m2/repository/org/springframework/boot/spring-boot-starter-aop/2.0.1.RELEASE/spring-boot-starter-aop-2.0.1.RELEASE.jar
7f67ddee8000-7f67ddef2000 r--s 000ec000 08:01 48236396                   /home/zemoso/.m2/repository/mysql/mysql-connector-java/5.1.46/mysql-connector-java-5.1.46.jar
7f67ddef2000-7f67ddf00000 r--s 0006b000 08:01 48236303                   /home/zemoso/.m2/repository/org/springframework/security/spring-security-web/5.0.4.RELEASE/spring-security-web-5.0.4.RELEASE.jar
7f67ddf00000-7f67ddf0d000 r--s 0005b000 08:01 48236305                   /home/zemoso/.m2/repository/org/springframework/security/spring-security-core/5.0.4.RELEASE/spring-security-core-5.0.4.RELEASE.jar
7f67ddf0d000-7f67ddf10000 r--s 0000d000 08:01 48236274                   /home/zemoso/.m2/repository/org/springframework/security/spring-security-test/5.0.0.RELEASE/spring-security-test-5.0.0.RELEASE.jar
7f67ddf10000-7f67ddf30000 r--s 000fa000 08:01 47710690                   /home/zemoso/.m2/repository/org/springframework/boot/spring-boot-autoconfigure/2.0.1.RELEASE/spring-boot-autoconfigure-2.0.1.RELEASE.jar
7f67ddf30000-7f67ddf37000 r--s 00020000 08:01 47710677                   /home/zemoso/.m2/repository/org/springframework/boot/spring-boot-test-autoconfigure/2.0.1.RELEASE/spring-boot-test-autoconfigure-2.0.1.RELEASE.jar
7f67ddf37000-7f67ddf8c000 r--s 00367000 08:01 47710697                   /home/zemoso/.m2/repository/org/assertj/assertj-core/3.9.1/assertj-core-3.9.1.jar
7f67ddf8c000-7f67ddf9a000 r--s 00085000 08:01 46270508                   /home/zemoso/.m2/repository/org/springframework/spring-test/4.3.12.RELEASE/spring-test-4.3.12.RELEASE.jar
7f67ddf9a000-7f67ddfaf000 r--s 000ce000 08:01 47710663                   /home/zemoso/.m2/repository/org/springframework/boot/spring-boot/2.0.1.RELEASE/spring-boot-2.0.1.RELEASE.jar
7f67ddfaf000-7f67ddfb4000 r--s 0002b000 08:01 47710688                   /home/zemoso/.m2/repository/org/springframework/boot/spring-boot-test/2.0.1.RELEASE/spring-boot-test-2.0.1.RELEASE.jar
7f67ddfb4000-7f67ddfbc000 r--s 00045000 08:01 46270513                   /home/zemoso/.m2/repository/junit/junit/4.12/junit-4.12.jar
7f67ddfbc000-7f67ddfc1000 r--s 00022000 08:01 47710670                   /home/zemoso/.m2/repository/org/xmlunit/xmlunit-core/2.5.1/xmlunit-core-2.5.1.jar
7f67ddfc1000-7f67ddfd9000 r--s 00114000 08:01 47710668                   /home/zemoso/.m2/repository/org/springframework/spring-core/5.0.5.RELEASE/spring-core-5.0.5.RELEASE.jar
7f67ddfd9000-7f67de015000 r--s 00290000 08:01 47710700                   /home/zemoso/.m2/repository/net/bytebuddy/byte-buddy/1.7.11/byte-buddy-1.7.11.jar
7f67de015000-7f67de016000 ---p 00000000 00:00 0 
7f67de016000-7f67de116000 rw-p 00000000 00:00 0 
7f67de116000-7f67de119000 ---p 00000000 00:00 0 
7f67de119000-7f67de217000 rw-p 00000000 00:00 0 
7f67de217000-7f67de22d000 r-xp 00000000 08:01 53876800                   /usr/lib/jvm/java-8-openjdk-amd64/jre/lib/amd64/libnet.so
7f67de22d000-7f67de42d000 ---p 00016000 08:01 53876800                   /usr/lib/jvm/java-8-openjdk-amd64/jre/lib/amd64/libnet.so
7f67de42d000-7f67de42e000 r--p 00016000 08:01 53876800                   /usr/lib/jvm/java-8-openjdk-amd64/jre/lib/amd64/libnet.so
7f67de42e000-7f67de42f000 rw-p 00017000 08:01 53876800                   /usr/lib/jvm/java-8-openjdk-amd64/jre/lib/amd64/libnet.so
7f67de42f000-7f67de432000 ---p 00000000 00:00 0 
7f67de432000-7f67de530000 rw-p 00000000 00:00 0 
7f67de530000-7f67de533000 ---p 00000000 00:00 0 
7f67de533000-7f67de631000 rw-p 00000000 00:00 0 
7f67de631000-7f67de634000 ---p 00000000 00:00 0 
7f67de634000-7f67de732000 rw-p 00000000 00:00 0 
7f67de732000-7f67de735000 ---p 00000000 00:00 0 
7f67de735000-7f67de833000 rw-p 00000000 00:00 0 
7f67de833000-7f67de836000 ---p 00000000 00:00 0 
7f67de836000-7f67de934000 rw-p 00000000 00:00 0 
7f67de934000-7f67df2f3000 r--p 00000000 08:01 52697894                   /usr/lib/locale/locale-archive
7f67df2f3000-7f67df2f6000 ---p 00000000 00:00 0 
7f67df2f6000-7f67df3f4000 rw-p 00000000 00:00 0 
7f67df3f4000-7f67df3f7000 ---p 00000000 00:00 0 
7f67df3f7000-7f67df4f5000 rw-p 00000000 00:00 0 
7f67df4f5000-7f67df4f6000 ---p 00000000 00:00 0 
7f67df4f6000-7f67e0000000 rw-p 00000000 00:00 0 
7f67e0000000-7f67e0021000 rw-p 00000000 00:00 0 
7f67e0021000-7f67e4000000 ---p 00000000 00:00 0 
7f67e4000000-7f67e4021000 rw-p 00000000 00:00 0 
7f67e4021000-7f67e8000000 ---p 00000000 00:00 0 
7f67e8000000-7f67e8021000 rw-p 00000000 00:00 0 
7f67e8021000-7f67ec000000 ---p 00000000 00:00 0 
7f67ec000000-7f67ec001000 r--s 00000000 08:01 48236400                   /home/zemoso/.m2/repository/org/springframework/boot/spring-boot-starter-data-jpa/2.0.1.RELEASE/spring-boot-starter-data-jpa-2.0.1.RELEASE.jar
7f67ec001000-7f67ec003000 r--s 00004000 08:01 47710706                   /home/zemoso/.m2/repository/org/springframework/spring-jcl/5.0.5.RELEASE/spring-jcl-5.0.5.RELEASE.jar
7f67ec003000-7f67ec004000 r--s 00004000 08:01 46270504                   /home/zemoso/.m2/repository/com/vaadin/external/google/android-json/0.0.20131108.vaadin1/android-json-0.0.20131108.vaadin1.jar
7f67ec004000-7f67ec006000 r--s 00006000 08:01 47710646                   /home/zemoso/.m2/repository/org/skyscreamer/jsonassert/1.5.0/jsonassert-1.5.0.jar
7f67ec006000-7f67ec007000 r--s 0000c000 08:01 46270499                   /home/zemoso/.m2/repository/org/hamcrest/hamcrest-library/1.3/hamcrest-library-1.3.jar
7f67ec007000-7f67ec009000 r--s 00009000 08:01 46270501                   /home/zemoso/.m2/repository/org/hamcrest/hamcrest-core/1.3/hamcrest-core-1.3.jar
7f67ec009000-7f67ec00b000 r--s 0000c000 08:01 47710703                   /home/zemoso/.m2/repository/org/objenesis/objenesis/2.6/objenesis-2.6.jar
7f67ec00b000-7f67ec00d000 r--s 00009000 08:01 47710648                   /home/zemoso/.m2/repository/net/bytebuddy/byte-buddy-agent/1.7.11/byte-buddy-agent-1.7.11.jar
7f67ec00d000-7f67ec01d000 r--s 00075000 08:01 47710698                   /home/zemoso/.m2/repository/org/mockito/mockito-core/2.15.0/mockito-core-2.15.0.jar
7f67ec01d000-7f67ec01f000 r--s 0000c000 08:01 47710694                   /home/zemoso/.m2/repository/org/ow2/asm/asm/5.0.4/asm-5.0.4.jar
7f67ec01f000-7f67ec021000 r--s 00006000 08:01 47710658                   /home/zemoso/.m2/repository/net/minidev/accessors-smart/1.2/accessors-smart-1.2.jar
7f67ec021000-7f67ec027000 r--s 00031000 08:01 47710671                   /home/zemoso/.m2/repository/com/jayway/jsonpath/json-path/2.4.0/json-path-2.4.0.jar
7f67ec027000-7f67ec02c000 r--s 0003f000 08:01 47710678                   /home/zemoso/.m2/repository/org/springframework/spring-expression/5.0.5.RELEASE/spring-expression-5.0.5.RELEASE.jar
7f67ec02c000-7f67ec046000 r--s 000f1000 08:01 47710656                   /home/zemoso/.m2/repository/org/springframework/spring-context/5.0.5.RELEASE/spring-context-5.0.5.RELEASE.jar
7f67ec046000-7f67ec04f000 r--s 00051000 08:01 47710682                   /home/zemoso/.m2/repository/org/springframework/spring-aop/5.0.5.RELEASE/spring-aop-5.0.5.RELEASE.jar
7f67ec04f000-7f67ec05e000 r--s 000b2000 08:01 47710675                   /home/zemoso/.m2/repository/org/springframework/spring-webmvc/5.0.5.RELEASE/spring-webmvc-5.0.5.RELEASE.jar
7f67ec05e000-7f67ec06b000 r--s 00095000 08:01 47710679                   /home/zemoso/.m2/repository/org/springframework/spring-beans/5.0.5.RELEASE/spring-beans-5.0.5.RELEASE.jar
7f67ec06b000-7f67ec085000 r--s 00119000 08:01 47710638                   /home/zemoso/.m2/repository/org/springframework/spring-web/5.0.5.RELEASE/spring-web-5.0.5.RELEASE.jar
7f67ec085000-7f67ec0a2000 r--s 000f8000 08:01 47318934                   /home/zemoso/.m2/repository/org/hibernate/validator/hibernate-validator/6.0.9.Final/hibernate-validator-6.0.9.Final.jar
7f67ec0a2000-7f67ec9a6000 rw-p 00000000 00:00 0 
7f67ec9a6000-7f67ecca6000 ---p 00000000 00:00 0 
7f67ecca6000-7f67f5000000 rw-p 00000000 00:00 0 
7f67f5000000-7f67f5270000 rwxp 00000000 00:00 0 
7f67f5270000-7f6804000000 ---p 00000000 00:00 0 
7f6804000000-7f68046c9000 rw-p 00000000 00:00 0 
7f68046c9000-7f6808000000 ---p 00000000 00:00 0 
7f6808000000-7f6808003000 r--s 0001b000 08:01 47710693                   /home/zemoso/.m2/repository/net/minidev/json-smart/2.3/json-smart-2.3.jar
7f6808003000-7f6808004000 r--s 00000000 08:01 47710659                   /home/zemoso/.m2/repository/org/springframework/boot/spring-boot-starter-test/2.0.1.RELEASE/spring-boot-starter-test-2.0.1.RELEASE.jar
7f6808004000-7f6808006000 r--s 0000e000 08:01 47710669                   /home/zemoso/.m2/repository/com/fasterxml/classmate/1.3.4/classmate-1.3.4.jar
7f6808006000-7f6808008000 r--s 0000f000 08:01 47710665                   /home/zemoso/.m2/repository/org/jboss/logging/jboss-logging/3.3.2.Final/jboss-logging-3.3.2.Final.jar
7f6808008000-7f680800d000 r--s 00012000 08:01 47710650                   /home/zemoso/.m2/repository/javax/validation/validation-api/2.0.1.Final/validation-api-2.0.1.Final.jar
7f680800d000-7f6808012000 r--s 0003a000 08:01 47710664                   /home/zemoso/.m2/repository/org/apache/tomcat/embed/tomcat-embed-websocket/8.5.29/tomcat-embed-websocket-8.5.29.jar
7f6808012000-7f6808016000 r--s 00037000 08:01 47710657                   /home/zemoso/.m2/repository/org/apache/tomcat/embed/tomcat-embed-el/8.5.29/tomcat-embed-el-8.5.29.jar
7f6808016000-7f6808040000 r--s 002cc000 08:01 47710629                   /home/zemoso/.m2/repository/org/apache/tomcat/embed/tomcat-embed-core/8.5.29/tomcat-embed-core-8.5.29.jar
7f6808040000-7f6808041000 r--s 00000000 08:01 47581812                   /home/zemoso/.m2/repository/org/springframework/boot/spring-boot-starter-tomcat/2.0.1.RELEASE/spring-boot-starter-tomcat-2.0.1.RELEASE.jar
7f6808041000-7f6808043000 r--s 00001000 08:01 46932269                   /home/zemoso/.m2/repository/com/fasterxml/jackson/module/jackson-module-parameter-names/2.9.5/jackson-module-parameter-names-2.9.5.jar
7f6808043000-7f6808046000 r--s 00016000 08:01 46667036                   /home/zemoso/.m2/repository/com/fasterxml/jackson/datatype/jackson-datatype-jsr310/2.9.5/jackson-datatype-jsr310-2.9.5.jar
7f6808046000-7f6808048000 r--s 00007000 08:01 46401504                   /home/zemoso/.m2/repository/com/fasterxml/jackson/datatype/jackson-datatype-jdk8/2.9.5/jackson-datatype-jdk8-2.9.5.jar
7f6808048000-7f680804c000 r--s 0004b000 08:01 47710623                   /home/zemoso/.m2/repository/com/fasterxml/jackson/core/jackson-core/2.9.5/jackson-core-2.9.5.jar
7f680804c000-7f680804f000 r--s 0000e000 08:01 46270423                   /home/zemoso/.m2/repository/com/fasterxml/jackson/core/jackson-annotations/2.9.0/jackson-annotations-2.9.0.jar
7f680804f000-7f6808062000 r--s 00135000 08:01 47710631                   /home/zemoso/.m2/repository/com/fasterxml/jackson/core/jackson-databind/2.9.5/jackson-databind-2.9.5.jar
7f6808062000-7f6808063000 r--s 00000000 08:01 47710645                   /home/zemoso/.m2/repository/org/springframework/boot/spring-boot-starter-json/2.0.1.RELEASE/spring-boot-starter-json-2.0.1.RELEASE.jar
7f6808063000-7f680806a000 r--s 00042000 08:01 47710652                   /home/zemoso/.m2/repository/org/yaml/snakeyaml/1.19/snakeyaml-1.19.jar
7f680806a000-7f680806c000 r--s 00005000 08:01 47710626                   /home/zemoso/.m2/repository/javax/annotation/javax.annotation-api/1.3.2/javax.annotation-api-1.3.2.jar
7f680806c000-7f680806e000 r--s 00000000 08:01 46270371                   /home/zemoso/.m2/repository/org/slf4j/jul-to-slf4j/1.7.25/jul-to-slf4j-1.7.25.jar
7f680806e000-7f6808074000 r--s 00039000 08:01 47710628                   /home/zemoso/.m2/repository/org/apache/logging/log4j/log4j-api/2.10.0/log4j-api-2.10.0.jar
7f6808074000-7f6808076000 r--s 00003000 08:01 47710641                   /home/zemoso/.m2/repository/org/apache/logging/log4j/log4j-to-slf4j/2.10.0/log4j-to-slf4j-2.10.0.jar
7f6808076000-7f6808081000 r--s 00069000 08:01 47710637                   /home/zemoso/.m2/repository/ch/qos/logback/logback-core/1.2.3/logback-core-1.2.3.jar
7f6808081000-7f6808087000 r--s 00041000 08:01 47710635                   /home/zemoso/.m2/repository/ch/qos/logback/logback-classic/1.2.3/logback-classic-1.2.3.jar
7f6808087000-7f6808088000 r--s 00000000 08:01 47710633                   /home/zemoso/.m2/repository/org/springframework/boot/spring-boot-starter-logging/2.0.1.RELEASE/spring-boot-starter-logging-2.0.1.RELEASE.jar
7f6808088000-7f6808089000 r--s 00000000 08:01 47710680                   /home/zemoso/.m2/repository/org/springframework/boot/spring-boot-starter/2.0.1.RELEASE/spring-boot-starter-2.0.1.RELEASE.jar
7f6808089000-7f680808a000 r--s 00000000 08:01 47710621                   /home/zemoso/.m2/repository/org/springframework/boot/spring-boot-starter-web/2.0.1.RELEASE/spring-boot-starter-web-2.0.1.RELEASE.jar
7f680808a000-7f680809d000 r--s 00346000 08:01 53610884                   /usr/lib/jvm/java-8-openjdk-amd64/jre/lib/resources.jar
7f680809d000-7f68080a2000 r--s 0009d000 08:01 53610880                   /usr/lib/jvm/java-8-openjdk-amd64/jre/lib/jsse.jar
7f68080a2000-7f68080bd000 r--s 00394000 08:01 53876753                   /usr/lib/jvm/java-8-openjdk-amd64/jre/lib/ext/cldrdata.jar
7f68080bd000-7f680820c000 rw-p 00000000 00:00 0 
7f680820c000-7f68083da000 r--s 03c2c000 08:01 53610879                   /usr/lib/jvm/java-8-openjdk-amd64/jre/lib/rt.jar
7f68083da000-7f6808450000 rw-p 00000000 00:00 0 
7f6808450000-7f6808451000 ---p 00000000 00:00 0 
7f6808451000-7f6808551000 rw-p 00000000 00:00 0 
7f6808551000-7f6808552000 ---p 00000000 00:00 0 
7f6808552000-7f6808652000 rw-p 00000000 00:00 0 
7f6808652000-7f6808653000 ---p 00000000 00:00 0 
7f6808653000-7f6808753000 rw-p 00000000 00:00 0 
7f6808753000-7f6808754000 ---p 00000000 00:00 0 
7f6808754000-7f68088a7000 rw-p 00000000 00:00 0 
7f68088a7000-7f6808d7b000 ---p 00000000 00:00 0 
7f6808d7b000-7f6808dce000 rw-p 00000000 00:00 0 
7f6808dce000-7f68092a1000 ---p 00000000 00:00 0 
7f68092a1000-7f68092cb000 rw-p 00000000 00:00 0 
7f68092cb000-7f6809535000 ---p 00000000 00:00 0 
7f6809535000-7f6809540000 rw-p 00000000 00:00 0 
7f6809540000-7f68098f6000 ---p 00000000 00:00 0 
7f68098f6000-7f68098fe000 r-xp 00000000 08:01 53876786                   /usr/lib/jvm/java-8-openjdk-amd64/jre/lib/amd64/libzip.so
7f68098fe000-7f6809afd000 ---p 00008000 08:01 53876786                   /usr/lib/jvm/java-8-openjdk-amd64/jre/lib/amd64/libzip.so
7f6809afd000-7f6809afe000 r--p 00007000 08:01 53876786                   /usr/lib/jvm/java-8-openjdk-amd64/jre/lib/amd64/libzip.so
7f6809afe000-7f6809aff000 rw-p 00008000 08:01 53876786                   /usr/lib/jvm/java-8-openjdk-amd64/jre/lib/amd64/libzip.so
7f6809aff000-7f6809b0a000 r-xp 00000000 08:01 53875228                   /lib/x86_64-linux-gnu/libnss_files-2.23.so
7f6809b0a000-7f6809d09000 ---p 0000b000 08:01 53875228                   /lib/x86_64-linux-gnu/libnss_files-2.23.so
7f6809d09000-7f6809d0a000 r--p 0000a000 08:01 53875228                   /lib/x86_64-linux-gnu/libnss_files-2.23.so
7f6809d0a000-7f6809d0b000 rw-p 0000b000 08:01 53875228                   /lib/x86_64-linux-gnu/libnss_files-2.23.so
7f6809d0b000-7f6809d11000 rw-p 00000000 00:00 0 
7f6809d11000-7f6809d1c000 r-xp 00000000 08:01 53875238                   /lib/x86_64-linux-gnu/libnss_nis-2.23.so
7f6809d1c000-7f6809f1b000 ---p 0000b000 08:01 53875238                   /lib/x86_64-linux-gnu/libnss_nis-2.23.so
7f6809f1b000-7f6809f1c000 r--p 0000a000 08:01 53875238                   /lib/x86_64-linux-gnu/libnss_nis-2.23.so
7f6809f1c000-7f6809f1d000 rw-p 0000b000 08:01 53875238                   /lib/x86_64-linux-gnu/libnss_nis-2.23.so
7f6809f1d000-7f6809f33000 r-xp 00000000 08:01 53875222                   /lib/x86_64-linux-gnu/libnsl-2.23.so
7f6809f33000-7f680a132000 ---p 00016000 08:01 53875222                   /lib/x86_64-linux-gnu/libnsl-2.23.so
7f680a132000-7f680a133000 r--p 00015000 08:01 53875222                   /lib/x86_64-linux-gnu/libnsl-2.23.so
7f680a133000-7f680a134000 rw-p 00016000 08:01 53875222                   /lib/x86_64-linux-gnu/libnsl-2.23.so
7f680a134000-7f680a136000 rw-p 00000000 00:00 0 
7f680a136000-7f680a13e000 r-xp 00000000 08:01 53875224                   /lib/x86_64-linux-gnu/libnss_compat-2.23.so
7f680a13e000-7f680a33d000 ---p 00008000 08:01 53875224                   /lib/x86_64-linux-gnu/libnss_compat-2.23.so
7f680a33d000-7f680a33e000 r--p 00007000 08:01 53875224                   /lib/x86_64-linux-gnu/libnss_compat-2.23.so
7f680a33e000-7f680a33f000 rw-p 00008000 08:01 53875224                   /lib/x86_64-linux-gnu/libnss_compat-2.23.so
7f680a33f000-7f680a349000 r-xp 00000000 08:01 53876775                   /usr/lib/jvm/java-8-openjdk-amd64/jre/lib/amd64/libinstrument.so
7f680a349000-7f680a548000 ---p 0000a000 08:01 53876775                   /usr/lib/jvm/java-8-openjdk-amd64/jre/lib/amd64/libinstrument.so
7f680a548000-7f680a549000 r--p 00009000 08:01 53876775                   /usr/lib/jvm/java-8-openjdk-amd64/jre/lib/amd64/libinstrument.so
7f680a549000-7f680a54a000 rw-p 0000a000 08:01 53876775                   /usr/lib/jvm/java-8-openjdk-amd64/jre/lib/amd64/libinstrument.so
7f680a54a000-7f680a577000 r-xp 00000000 08:01 53876789                   /usr/lib/jvm/java-8-openjdk-amd64/jre/lib/amd64/libjava.so
7f680a577000-7f680a776000 ---p 0002d000 08:01 53876789                   /usr/lib/jvm/java-8-openjdk-amd64/jre/lib/amd64/libjava.so
7f680a776000-7f680a777000 r--p 0002c000 08:01 53876789                   /usr/lib/jvm/java-8-openjdk-amd64/jre/lib/amd64/libjava.so
7f680a777000-7f680a779000 rw-p 0002d000 08:01 53876789                   /usr/lib/jvm/java-8-openjdk-amd64/jre/lib/amd64/libjava.so
7f680a779000-7f680a788000 r-xp 00000000 08:01 53876799                   /usr/lib/jvm/java-8-openjdk-amd64/jre/lib/amd64/libverify.so
7f680a788000-7f680a987000 ---p 0000f000 08:01 53876799                   /usr/lib/jvm/java-8-openjdk-amd64/jre/lib/amd64/libverify.so
7f680a987000-7f680a989000 r--p 0000e000 08:01 53876799                   /usr/lib/jvm/java-8-openjdk-amd64/jre/lib/amd64/libverify.so
7f680a989000-7f680a98a000 rw-p 00010000 08:01 53876799                   /usr/lib/jvm/java-8-openjdk-amd64/jre/lib/amd64/libverify.so
7f680a98a000-7f680a991000 r-xp 00000000 08:01 53875283                   /lib/x86_64-linux-gnu/librt-2.23.so
7f680a991000-7f680ab90000 ---p 00007000 08:01 53875283                   /lib/x86_64-linux-gnu/librt-2.23.so
7f680ab90000-7f680ab91000 r--p 00006000 08:01 53875283                   /lib/x86_64-linux-gnu/librt-2.23.so
7f680ab91000-7f680ab92000 rw-p 00007000 08:01 53875283                   /lib/x86_64-linux-gnu/librt-2.23.so
7f680ab92000-7f680aba8000 r-xp 00000000 08:01 53875167                   /lib/x86_64-linux-gnu/libgcc_s.so.1
7f680aba8000-7f680ada7000 ---p 00016000 08:01 53875167                   /lib/x86_64-linux-gnu/libgcc_s.so.1
7f680ada7000-7f680ada8000 rw-p 00015000 08:01 53875167                   /lib/x86_64-linux-gnu/libgcc_s.so.1
7f680ada8000-7f680aeb0000 r-xp 00000000 08:01 53875199                   /lib/x86_64-linux-gnu/libm-2.23.so
7f680aeb0000-7f680b0af000 ---p 00108000 08:01 53875199                   /lib/x86_64-linux-gnu/libm-2.23.so
7f680b0af000-7f680b0b0000 r--p 00107000 08:01 53875199                   /lib/x86_64-linux-gnu/libm-2.23.so
7f680b0b0000-7f680b0b1000 rw-p 00108000 08:01 53875199                   /lib/x86_64-linux-gnu/libm-2.23.so
7f680b0b1000-7f680b223000 r-xp 00000000 08:01 52693125                   /usr/lib/x86_64-linux-gnu/libstdc++.so.6.0.21
7f680b223000-7f680b423000 ---p 00172000 08:01 52693125                   /usr/lib/x86_64-linux-gnu/libstdc++.so.6.0.21
7f680b423000-7f680b42d000 r--p 00172000 08:01 52693125                   /usr/lib/x86_64-linux-gnu/libstdc++.so.6.0.21
7f680b42d000-7f680b42f000 rw-p 0017c000 08:01 52693125                   /usr/lib/x86_64-linux-gnu/libstdc++.so.6.0.21
7f680b42f000-7f680b433000 rw-p 00000000 00:00 0 
7f680b433000-7f680c08b000 r-xp 00000000 08:01 53876784                   /usr/lib/jvm/java-8-openjdk-amd64/jre/lib/amd64/server/libjvm.so
7f680c08b000-7f680c28b000 ---p 00c58000 08:01 53876784                   /usr/lib/jvm/java-8-openjdk-amd64/jre/lib/amd64/server/libjvm.so
7f680c28b000-7f680c31e000 r--p 00c58000 08:01 53876784                   /usr/lib/jvm/java-8-openjdk-amd64/jre/lib/amd64/server/libjvm.so
7f680c31e000-7f680c347000 rw-p 00ceb000 08:01 53876784                   /usr/lib/jvm/java-8-openjdk-amd64/jre/lib/amd64/server/libjvm.so
7f680c347000-7f680c377000 rw-p 00000000 00:00 0 
7f680c377000-7f680c38f000 r-xp 00000000 08:01 53875275                   /lib/x86_64-linux-gnu/libpthread-2.23.so
7f680c38f000-7f680c58e000 ---p 00018000 08:01 53875275                   /lib/x86_64-linux-gnu/libpthread-2.23.so
7f680c58e000-7f680c58f000 r--p 00017000 08:01 53875275                   /lib/x86_64-linux-gnu/libpthread-2.23.so
7f680c58f000-7f680c590000 rw-p 00018000 08:01 53875275                   /lib/x86_64-linux-gnu/libpthread-2.23.so
7f680c590000-7f680c594000 rw-p 00000000 00:00 0 
7f680c594000-7f680c597000 r-xp 00000000 08:01 53875153                   /lib/x86_64-linux-gnu/libdl-2.23.so
7f680c597000-7f680c796000 ---p 00003000 08:01 53875153                   /lib/x86_64-linux-gnu/libdl-2.23.so
7f680c796000-7f680c797000 r--p 00002000 08:01 53875153                   /lib/x86_64-linux-gnu/libdl-2.23.so
7f680c797000-7f680c798000 rw-p 00003000 08:01 53875153                   /lib/x86_64-linux-gnu/libdl-2.23.so
7f680c798000-7f680c7b1000 r-xp 00000000 08:01 53875320                   /lib/x86_64-linux-gnu/libz.so.1.2.8
7f680c7b1000-7f680c9b0000 ---p 00019000 08:01 53875320                   /lib/x86_64-linux-gnu/libz.so.1.2.8
7f680c9b0000-7f680c9b1000 r--p 00018000 08:01 53875320                   /lib/x86_64-linux-gnu/libz.so.1.2.8
7f680c9b1000-7f680c9b2000 rw-p 00019000 08:01 53875320                   /lib/x86_64-linux-gnu/libz.so.1.2.8
7f680c9b2000-7f680cb72000 r-xp 00000000 08:01 53875129                   /lib/x86_64-linux-gnu/libc-2.23.so
7f680cb72000-7f680cd72000 ---p 001c0000 08:01 53875129                   /lib/x86_64-linux-gnu/libc-2.23.so
7f680cd72000-7f680cd76000 r--p 001c0000 08:01 53875129                   /lib/x86_64-linux-gnu/libc-2.23.so
7f680cd76000-7f680cd78000 rw-p 001c4000 08:01 53875129                   /lib/x86_64-linux-gnu/libc-2.23.so
7f680cd78000-7f680cd7c000 rw-p 00000000 00:00 0 
7f680cd7c000-7f680cd89000 r-xp 00000000 08:01 53876795                   /usr/lib/jvm/java-8-openjdk-amd64/jre/lib/amd64/jli/libjli.so
7f680cd89000-7f680cf89000 ---p 0000d000 08:01 53876795                   /usr/lib/jvm/java-8-openjdk-amd64/jre/lib/amd64/jli/libjli.so
7f680cf89000-7f680cf8a000 r--p 0000d000 08:01 53876795                   /usr/lib/jvm/java-8-openjdk-amd64/jre/lib/amd64/jli/libjli.so
7f680cf8a000-7f680cf8b000 rw-p 0000e000 08:01 53876795                   /usr/lib/jvm/java-8-openjdk-amd64/jre/lib/amd64/jli/libjli.so
7f680cf8b000-7f680cfb1000 r-xp 00000000 08:01 53875101                   /lib/x86_64-linux-gnu/ld-2.23.so
7f680cfb1000-7f680cfb2000 r--s 00000000 08:01 53610883                   /usr/lib/jvm/java-8-openjdk-amd64/jre/lib/management-agent.jar
7f680cfb2000-7f680cfb5000 r--s 00015000 08:01 53610886                   /usr/lib/jvm/java-8-openjdk-amd64/jre/lib/jce.jar
7f680cfb5000-7f680cfba000 r--s 002f9000 08:01 53610875                   /usr/lib/jvm/java-8-openjdk-amd64/jre/lib/charsets.jar
7f680cfba000-7f680cfbc000 r--s 00020000 08:01 47318426                   /home/zemoso/main/idea-IU-172.4574.19/plugins/junit/lib/junit-rt.jar
7f680cfbc000-7f680cfbe000 r--s 0001a000 08:01 46794711                   /home/zemoso/main/idea-IU-172.4574.19/lib/idea_rt.jar
7f680cfbe000-7f680cfc8000 r--s 00116000 08:01 53876747                   /usr/lib/jvm/java-8-openjdk-amd64/jre/lib/ext/localedata.jar
7f680cfc8000-7f680cfca000 r--s 00008000 08:01 53876751                   /usr/lib/jvm/java-8-openjdk-amd64/jre/lib/ext/sunec.jar
7f680cfca000-7f680cfe5000 r--s 001d6000 08:01 53876755                   /usr/lib/jvm/java-8-openjdk-amd64/jre/lib/ext/nashorn.jar
7f680cfe5000-7f680d08e000 rw-p 00000000 00:00 0 
7f680d08e000-7f680d091000 ---p 00000000 00:00 0 
7f680d091000-7f680d194000 rw-p 00000000 00:00 0 
7f680d194000-7f680d195000 r--s 00007000 08:01 47318428                   /home/zemoso/main/idea-IU-172.4574.19/plugins/junit/lib/junit5-rt.jar
7f680d195000-7f680d198000 r--s 00038000 08:01 53876746                   /usr/lib/jvm/java-8-openjdk-amd64/jre/lib/ext/sunpkcs11.jar
7f680d198000-7f680d199000 r--s 0000a000 08:01 53876750                   /usr/lib/jvm/java-8-openjdk-amd64/jre/lib/ext/jaccess.jar
7f680d199000-7f680d19a000 r--s 00010000 08:01 53876754                   /usr/lib/jvm/java-8-openjdk-amd64/jre/lib/ext/zipfs.jar
7f680d19a000-7f680d19f000 r--s 0003b000 08:01 53876749                   /usr/lib/jvm/java-8-openjdk-amd64/jre/lib/ext/sunjce_provider.jar
7f680d19f000-7f680d1a1000 r--s 00001000 08:01 53876752                   /usr/lib/jvm/java-8-openjdk-amd64/jre/lib/ext/dnsns.jar
7f680d1a1000-7f680d1a4000 r--s 0000f000 08:01 53876748                   /usr/lib/jvm/java-8-openjdk-amd64/jre/lib/ext/icedtea-sound.jar
7f680d1a4000-7f680d1ac000 rw-s 00000000 08:01 28050799                   /tmp/hsperfdata_zemoso/28615
7f680d1ac000-7f680d1ad000 rw-p 00000000 00:00 0 
7f680d1ad000-7f680d1ae000 r--p 00000000 00:00 0 
7f680d1ae000-7f680d1b0000 rw-p 00000000 00:00 0 
7f680d1b0000-7f680d1b1000 r--p 00025000 08:01 53875101                   /lib/x86_64-linux-gnu/ld-2.23.so
7f680d1b1000-7f680d1b2000 rw-p 00026000 08:01 53875101                   /lib/x86_64-linux-gnu/ld-2.23.so
7f680d1b2000-7f680d1b3000 rw-p 00000000 00:00 0 
7ffe1af75000-7ffe1af98000 rw-p 00000000 00:00 0                          [stack]
7ffe1afc6000-7ffe1afc8000 r--p 00000000 00:00 0                          [vvar]
7ffe1afc8000-7ffe1afca000 r-xp 00000000 00:00 0                          [vdso]
ffffffffff600000-ffffffffff601000 r-xp 00000000 00:00 0                  [vsyscall]

VM Arguments:
jvm_args: -ea -Didea.test.cyclic.buffer.size=1048576 -javaagent:/home/zemoso/main/idea-IU-172.4574.19/lib/idea_rt.jar=36585:/home/zemoso/main/idea-IU-172.4574.19/bin -Dfile.encoding=UTF-8 
java_command: com.intellij.rt.execution.junit.JUnitStarter -ideVersion5 -junit4 com.test.StudentRepositoryTest
java_class_path (initial): /home/zemoso/main/idea-IU-172.4574.19/lib/idea_rt.jar:/home/zemoso/main/idea-IU-172.4574.19/plugins/junit/lib/junit-rt.jar:/home/zemoso/main/idea-IU-172.4574.19/plugins/junit/lib/junit5-rt.jar:/usr/lib/jvm/java-1.8.0-openjdk-amd64/jre/lib/charsets.jar:/usr/lib/jvm/java-1.8.0-openjdk-amd64/jre/lib/ext/cldrdata.jar:/usr/lib/jvm/java-1.8.0-openjdk-amd64/jre/lib/ext/dnsns.jar:/usr/lib/jvm/java-1.8.0-openjdk-amd64/jre/lib/ext/icedtea-sound.jar:/usr/lib/jvm/java-1.8.0-openjdk-amd64/jre/lib/ext/jaccess.jar:/usr/lib/jvm/java-1.8.0-openjdk-amd64/jre/lib/ext/localedata.jar:/usr/lib/jvm/java-1.8.0-openjdk-amd64/jre/lib/ext/nashorn.jar:/usr/lib/jvm/java-1.8.0-openjdk-amd64/jre/lib/ext/sunec.jar:/usr/lib/jvm/java-1.8.0-openjdk-amd64/jre/lib/ext/sunjce_provider.jar:/usr/lib/jvm/java-1.8.0-openjdk-amd64/jre/lib/ext/sunpkcs11.jar:/usr/lib/jvm/java-1.8.0-openjdk-amd64/jre/lib/ext/zipfs.jar:/usr/lib/jvm/java-1.8.0-openjdk-amd64/jre/lib/jce.jar:/usr/lib/jvm/java-1.8.0-openjdk-amd64/jre/lib/jsse.jar:/usr/lib/jvm/java-1.8.0-openjdk-amd64/jre/lib/management-agent.jar:/usr/lib/jvm/java-1.8.0-openjdk-amd64/jre/lib/resources.jar:/usr/lib/jvm/java-1.8.0-openjdk-amd64/jre/lib/rt.jar:/home/zemoso/main/projects/spring_test/target/classes:/home/zemoso/.m2/repository/org/springframework/boot/spring-boot-starter-web/2.0.1.RELEASE/spring-boot-starter-web-2.0.1.RELEASE.jar:/home/zemoso/.m2/repository/org/springframework/boot/spring-boot-starter/2.0.1.RELEASE/spring-boot-starter-2.0.1.RELEASE.jar:/home/zemoso/.m2/repository/org/springframework/boot/spring-boot-starter-logging/2.0.1.RELEASE/spring-boot-starter-logging-2.0.1.RELEASE.jar:/home/zemoso/.m2/repository/ch/qos/logback/logback-classic/1.2.3/logback-classic-1.2.3.jar:/home/zemoso/.m2/repository/ch/qos/logback/logback-core/1.2.3/logback-core-1.2.3.jar:/home/zemoso/.m2/repository/org/apache/logging/log4j/log4j-to-slf4j/2.10.0/log4j-to-slf4j-2.10.0.jar:/home/zemoso/.m2/repository/org/apache/logging/log4j/log4j-api/2.1
Launcher Type: SUN_STANDARD

Environment Variables:
PATH=/home/zemoso/bin:/home/zemoso/.local/bin:/usr/local/sbin:/usr/local/bin:/usr/sbin:/usr/bin:/sbin:/bin:/usr/games:/usr/local/games:/snap/bin
LD_LIBRARY_PATH=/home/zemoso/main/idea-IU-172.4574.19/bin:
SHELL=/bin/bash
DISPLAY=:0

Signal Handlers:
SIGSEGV: [libjvm.so+0xa6dcc0], sa_mask[0]=11111111011111111101111111111110, sa_flags=SA_RESTART|SA_SIGINFO
SIGBUS: [libjvm.so+0xa6dcc0], sa_mask[0]=11111111011111111101111111111110, sa_flags=SA_RESTART|SA_SIGINFO
SIGFPE: [libjvm.so+0x8b5350], sa_mask[0]=11111111011111111101111111111110, sa_flags=SA_RESTART|SA_SIGINFO
SIGPIPE: [libjvm.so+0x8b5350], sa_mask[0]=11111111011111111101111111111110, sa_flags=SA_RESTART|SA_SIGINFO
SIGXFSZ: [libjvm.so+0x8b5350], sa_mask[0]=11111111011111111101111111111110, sa_flags=SA_RESTART|SA_SIGINFO
SIGILL: [libjvm.so+0x8b5350], sa_mask[0]=11111111011111111101111111111110, sa_flags=SA_RESTART|SA_SIGINFO
SIGUSR1: SIG_DFL, sa_mask[0]=00000000000000000000000000000000, sa_flags=none
SIGUSR2: [libjvm.so+0x8b5200], sa_mask[0]=00100000000000000000000000000000, sa_flags=SA_RESTART|SA_SIGINFO
SIGHUP: [libjvm.so+0x8b56d0], sa_mask[0]=11111111011111111101111111111110, sa_flags=SA_RESTART|SA_SIGINFO
SIGINT: [libjvm.so+0x8b56d0], sa_mask[0]=11111111011111111101111111111110, sa_flags=SA_RESTART|SA_SIGINFO
SIGTERM: [libjvm.so+0x8b56d0], sa_mask[0]=11111111011111111101111111111110, sa_flags=SA_RESTART|SA_SIGINFO
SIGQUIT: [libjvm.so+0x8b56d0], sa_mask[0]=11111111011111111101111111111110, sa_flags=SA_RESTART|SA_SIGINFO


---------------  S Y S T E M  ---------------

OS:DISTRIB_ID=Ubuntu
DISTRIB_RELEASE=16.04
DISTRIB_CODENAME=xenial
DISTRIB_DESCRIPTION="Ubuntu 16.04.3 LTS"

uname:Linux 4.10.0-28-generic #32~16.04.2-Ubuntu SMP Thu Jul 20 10:19:48 UTC 2017 x86_64
libc:glibc 2.23 NPTL 2.23 
rlimit: STACK 8192k, CORE 0k, NPROC 63112, NOFILE 1048576, AS infinity
load average:1.47 1.40 1.30

/proc/meminfo:
MemTotal:       16201312 kB
MemFree:          812712 kB
MemAvailable:    2427856 kB
Buffers:          173932 kB
Cached:          2116552 kB
SwapCached:          108 kB
Active:         12971812 kB
Inactive:        1959836 kB
Active(anon):   11617336 kB
Inactive(anon):  1526640 kB
Active(file):    1354476 kB
Inactive(file):   433196 kB
Unevictable:         104 kB
Mlocked:             104 kB
SwapTotal:      16543740 kB
SwapFree:       16538548 kB
Dirty:              9936 kB
Writeback:             0 kB
AnonPages:      12497920 kB
Mapped:           618068 kB
Shmem:            502816 kB
Slab:             234928 kB
SReclaimable:     164472 kB
SUnreclaim:        70456 kB
KernelStack:       25008 kB
PageTables:        93672 kB
NFS_Unstable:          0 kB
Bounce:                0 kB
WritebackTmp:          0 kB
CommitLimit:    24644396 kB
Committed_AS:   25853700 kB
VmallocTotal:   34359738367 kB
VmallocUsed:           0 kB
VmallocChunk:          0 kB
HardwareCorrupted:     0 kB
AnonHugePages:   8548352 kB
ShmemHugePages:        0 kB
ShmemPmdMapped:        0 kB
CmaTotal:              0 kB
CmaFree:               0 kB
HugePages_Total:       0
HugePages_Free:        0
HugePages_Rsvd:        0
HugePages_Surp:        0
Hugepagesize:       2048 kB
DirectMap4k:      257912 kB
DirectMap2M:    15239168 kB
DirectMap1G:     2097152 kB


CPU:total 4 (initial active 4) (2 cores per cpu, 2 threads per core) family 6 model 142 stepping 9, cmov, cx8, fxsr, mmx, sse, sse2, sse3, ssse3, sse4.1, sse4.2, popcnt, avx, avx2, aes, clmul, erms, 3dnowpref, lzcnt, ht, tsc, tscinvbit, bmi1, bmi2, adx

/proc/cpuinfo:
processor	: 0
vendor_id	: GenuineIntel
cpu family	: 6
model		: 142
model name	: Intel(R) Core(TM) i5-7200U CPU @ 2.50GHz
stepping	: 9
microcode	: 0x3c
cpu MHz		: 3099.957
cache size	: 3072 KB
physical id	: 0
siblings	: 4
core id		: 0
cpu cores	: 2
apicid		: 0
initial apicid	: 0
fpu		: yes
fpu_exception	: yes
cpuid level	: 22
wp		: yes
flags		: fpu vme de pse tsc msr pae mce cx8 apic sep mtrr pge mca cmov pat pse36 clflush dts acpi mmx fxsr sse sse2 ss ht tm pbe syscall nx pdpe1gb rdtscp lm constant_tsc art arch_perfmon pebs bts rep_good nopl xtopology nonstop_tsc aperfmperf tsc_known_freq pni pclmulqdq dtes64 monitor ds_cpl vmx est tm2 ssse3 sdbg fma cx16 xtpr pdcm pcid sse4_1 sse4_2 x2apic movbe popcnt tsc_deadline_timer aes xsave avx f16c rdrand lahf_lm abm 3dnowprefetch epb intel_pt tpr_shadow vnmi flexpriority ept vpid fsgsbase tsc_adjust bmi1 avx2 smep bmi2 erms invpcid mpx rdseed adx smap clflushopt xsaveopt xsavec xgetbv1 xsaves dtherm ida arat pln pts hwp hwp_notify hwp_act_window hwp_epp
bugs		:
bogomips	: 5424.00
clflush size	: 64
cache_alignment	: 64
address sizes	: 39 bits physical, 48 bits virtual
power management:

processor	: 1
vendor_id	: GenuineIntel
cpu family	: 6
model		: 142
model name	: Intel(R) Core(TM) i5-7200U CPU @ 2.50GHz
stepping	: 9
microcode	: 0x3c
cpu MHz		: 3099.957
cache size	: 3072 KB
physical id	: 0
siblings	: 4
core id		: 1
cpu cores	: 2
apicid		: 2
initial apicid	: 2
fpu		: yes
fpu_exception	: yes
cpuid level	: 22
wp		: yes
flags		: fpu vme de pse tsc msr pae mce cx8 apic sep mtrr pge mca cmov pat pse36 clflush dts acpi mmx fxsr sse sse2 ss ht tm pbe syscall nx pdpe1gb rdtscp lm constant_tsc art arch_perfmon pebs bts rep_good nopl xtopology nonstop_tsc aperfmperf tsc_known_freq pni pclmulqdq dtes64 monitor ds_cpl vmx est tm2 ssse3 sdbg fma cx16 xtpr pdcm pcid sse4_1 sse4_2 x2apic movbe popcnt tsc_deadline_timer aes xsave avx f16c rdrand lahf_lm abm 3dnowprefetch epb intel_pt tpr_shadow vnmi flexpriority ept vpid fsgsbase tsc_adjust bmi1 avx2 smep bmi2 erms invpcid mpx rdseed adx smap clflushopt xsaveopt xsavec xgetbv1 xsaves dtherm ida arat pln pts hwp hwp_notify hwp_act_window hwp_epp
bugs		:
bogomips	: 5424.00
clflush size	: 64
cache_alignment	: 64
address sizes	: 39 bits physical, 48 bits virtual
power management:

processor	: 2
vendor_id	: GenuineIntel
cpu family	: 6
model		: 142
model name	: Intel(R) Core(TM) i5-7200U CPU @ 2.50GHz
stepping	: 9
microcode	: 0x3c
cpu MHz		: 3099.957
cache size	: 3072 KB
physical id	: 0
siblings	: 4
core id		: 0
cpu cores	: 2
apicid		: 1
initial apicid	: 1
fpu		: yes
fpu_exception	: yes
cpuid level	: 22
wp		: yes
flags		: fpu vme de pse tsc msr pae mce cx8 apic sep mtrr pge mca cmov pat pse36 clflush dts acpi mmx fxsr sse sse2 ss ht tm pbe syscall nx pdpe1gb rdtscp lm constant_tsc art arch_perfmon pebs bts rep_good nopl xtopology nonstop_tsc aperfmperf tsc_known_freq pni pclmulqdq dtes64 monitor ds_cpl vmx est tm2 ssse3 sdbg fma cx16 xtpr pdcm pcid sse4_1 sse4_2 x2apic movbe popcnt tsc_deadline_timer aes xsave avx f16c rdrand lahf_lm abm 3dnowprefetch epb intel_pt tpr_shadow vnmi flexpriority ept vpid fsgsbase tsc_adjust bmi1 avx2 smep bmi2 erms invpcid mpx rdseed adx smap clflushopt xsaveopt xsavec xgetbv1 xsaves dtherm ida arat pln pts hwp hwp_notify hwp_act_window hwp_epp
bugs		:
bogomips	: 5424.00
clflush size	: 64
cache_alignment	: 64
address sizes	: 39 bits physical, 48 bits virtual
power management:

processor	: 3
vendor_id	: GenuineIntel
cpu family	: 6
model		: 142
model name	: Intel(R) Core(TM) i5-7200U CPU @ 2.50GHz
stepping	: 9
microcode	: 0x3c
cpu MHz		: 3099.957
cache size	: 3072 KB
physical id	: 0
siblings	: 4
core id		: 1
cpu cores	: 2
apicid		: 3
initial apicid	: 3
fpu		: yes
fpu_exception	: yes
cpuid level	: 22
wp		: yes
flags		: fpu vme de pse tsc msr pae mce cx8 apic sep mtrr pge mca cmov pat pse36 clflush dts acpi mmx fxsr sse sse2 ss ht tm pbe syscall nx pdpe1gb rdtscp lm constant_tsc art arch_perfmon pebs bts rep_good nopl xtopology nonstop_tsc aperfmperf tsc_known_freq pni pclmulqdq dtes64 monitor ds_cpl vmx est tm2 ssse3 sdbg fma cx16 xtpr pdcm pcid sse4_1 sse4_2 x2apic movbe popcnt tsc_deadline_timer aes xsave avx f16c rdrand lahf_lm abm 3dnowprefetch epb intel_pt tpr_shadow vnmi flexpriority ept vpid fsgsbase tsc_adjust bmi1 avx2 smep bmi2 erms invpcid mpx rdseed adx smap clflushopt xsaveopt xsavec xgetbv1 xsaves dtherm ida arat pln pts hwp hwp_notify hwp_act_window hwp_epp
bugs		:
bogomips	: 5424.00
clflush size	: 64
cache_alignment	: 64
address sizes	: 39 bits physical, 48 bits virtual
power management:



Memory: 4k page, physical 16201312k(812712k free), swap 16543740k(16538548k free)

vm_info: OpenJDK 64-Bit Server VM (25.162-b12) for linux-amd64 JRE (1.8.0_162-8u162-b12-0ubuntu0.16.04.2-b12), built on Mar 14 2018 12:11:18 by "buildd" with gcc 5.4.0 20160609

time: Thu May 10 17:14:07 2018
elapsed time: 0 seconds (0d 0h 0m 0s)

